<?xml version="1.0" encoding="UTF-8"?>
<!-- Generated by org.testng.reporters.JUnitXMLReporter -->
<testsuite hostname="DESKTOP-IBT1CK0" ignored="0" name="Default test" tests="3" failures="0" timestamp="21 Sep 2017 19:29:14 GMT" time="0.038" errors="0">
  <testcase name="loginApplication" time="0.01" classname="testngTutorials.FirstTestNGScript"/>
  <testcase name="selectItems" time="0.002" classname="testngTutorials.FirstTestNGScript"/>
  <testcase name="checkOut" time="0.003" classname="testngTutorials.FirstTestNGScript"/>
</testsuite> <!-- Default test -->
